C:\UF\TEACHING\CIS4390_6390\ASSIGNMENTS\SOLUTION2\SAMPLE\ASSIGNMENT3\LIBST\VC2008\RELEASE\TINY_OBJ_LOADER.OBJ
C:\UF\TEACHING\CIS4390_6390\ASSIGNMENTS\SOLUTION2\SAMPLE\ASSIGNMENT3\LIBST\VC2008\RELEASE\STVECTOR3.OBJ
C:\UF\TEACHING\CIS4390_6390\ASSIGNMENTS\SOLUTION2\SAMPLE\ASSIGNMENT3\LIBST\VC2008\RELEASE\STVECTOR2.OBJ
C:\UF\TEACHING\CIS4390_6390\ASSIGNMENTS\SOLUTION2\SAMPLE\ASSIGNMENT3\LIBST\VC2008\RELEASE\STTRIANGLEMESH.OBJ
C:\UF\TEACHING\CIS4390_6390\ASSIGNMENTS\SOLUTION2\SAMPLE\ASSIGNMENT3\LIBST\VC2008\RELEASE\STTIMER.OBJ
C:\UF\TEACHING\CIS4390_6390\ASSIGNMENTS\SOLUTION2\SAMPLE\ASSIGNMENT3\LIBST\VC2008\RELEASE\STTEXTURE.OBJ
C:\UF\TEACHING\CIS4390_6390\ASSIGNMENTS\SOLUTION2\SAMPLE\ASSIGNMENT3\LIBST\VC2008\RELEASE\STSHAPE.OBJ
C:\UF\TEACHING\CIS4390_6390\ASSIGNMENTS\SOLUTION2\SAMPLE\ASSIGNMENT3\LIBST\VC2008\RELEASE\STSHADERPROGRAM.OBJ
C:\UF\TEACHING\CIS4390_6390\ASSIGNMENTS\SOLUTION2\SAMPLE\ASSIGNMENT3\LIBST\VC2008\RELEASE\STPOINT3.OBJ
C:\UF\TEACHING\CIS4390_6390\ASSIGNMENTS\SOLUTION2\SAMPLE\ASSIGNMENT3\LIBST\VC2008\RELEASE\STPOINT2.OBJ
C:\UF\TEACHING\CIS4390_6390\ASSIGNMENTS\SOLUTION2\SAMPLE\ASSIGNMENT3\LIBST\VC2008\RELEASE\STJOYSTICK_WIN32.OBJ
C:\UF\TEACHING\CIS4390_6390\ASSIGNMENTS\SOLUTION2\SAMPLE\ASSIGNMENT3\LIBST\VC2008\RELEASE\STJOYSTICK.OBJ
C:\UF\TEACHING\CIS4390_6390\ASSIGNMENTS\SOLUTION2\SAMPLE\ASSIGNMENT3\LIBST\VC2008\RELEASE\STIMAGE_PPM.OBJ
C:\UF\TEACHING\CIS4390_6390\ASSIGNMENTS\SOLUTION2\SAMPLE\ASSIGNMENT3\LIBST\VC2008\RELEASE\STIMAGE_PNG.OBJ
C:\UF\TEACHING\CIS4390_6390\ASSIGNMENTS\SOLUTION2\SAMPLE\ASSIGNMENT3\LIBST\VC2008\RELEASE\STIMAGE_JPEG.OBJ
C:\UF\TEACHING\CIS4390_6390\ASSIGNMENTS\SOLUTION2\SAMPLE\ASSIGNMENT3\LIBST\VC2008\RELEASE\STIMAGE.OBJ
C:\UF\TEACHING\CIS4390_6390\ASSIGNMENTS\SOLUTION2\SAMPLE\ASSIGNMENT3\LIBST\VC2008\RELEASE\STFONT.OBJ
C:\UF\TEACHING\CIS4390_6390\ASSIGNMENTS\SOLUTION2\SAMPLE\ASSIGNMENT3\LIBST\VC2008\RELEASE\STCOLOR4UB.OBJ
C:\UF\TEACHING\CIS4390_6390\ASSIGNMENTS\SOLUTION2\SAMPLE\ASSIGNMENT3\LIBST\VC2008\RELEASE\STCOLOR4F.OBJ
C:\UF\TEACHING\CIS4390_6390\ASSIGNMENTS\SOLUTION2\SAMPLE\ASSIGNMENT3\LIBST\VC2008\RELEASE\STCOLOR3F.OBJ
C:\UF\TEACHING\CIS4390_6390\ASSIGNMENTS\SOLUTION2\SAMPLE\ASSIGNMENT3\LIBST\VC2008\RELEASE\VC110.PDB
C:\UF\TEACHING\CIS4390_6390\ASSIGNMENTS\SOLUTION2\SAMPLE\ASSIGNMENT3\LIBST\LIB\RELEASE\LIBST.LIB
C:\UF_Teaching\CAP4730\prog\proj2_raytracer\submit\src\libst\vc2008\Release\STColor3f.obj
C:\UF_Teaching\CAP4730\prog\proj2_raytracer\submit\src\libst\vc2008\Release\STColor4f.obj
C:\UF_Teaching\CAP4730\prog\proj2_raytracer\submit\src\libst\vc2008\Release\STColor4ub.obj
C:\UF_Teaching\CAP4730\prog\proj2_raytracer\submit\src\libst\vc2008\Release\STFont.obj
C:\UF_Teaching\CAP4730\prog\proj2_raytracer\submit\src\libst\vc2008\Release\STImage.obj
C:\UF_Teaching\CAP4730\prog\proj2_raytracer\submit\src\libst\vc2008\Release\STImage_jpeg.obj
C:\UF_Teaching\CAP4730\prog\proj2_raytracer\submit\src\libst\vc2008\Release\STImage_png.obj
C:\UF_Teaching\CAP4730\prog\proj2_raytracer\submit\src\libst\vc2008\Release\STImage_ppm.obj
C:\UF_Teaching\CAP4730\prog\proj2_raytracer\submit\src\libst\vc2008\Release\STJoystick.obj
C:\UF_Teaching\CAP4730\prog\proj2_raytracer\submit\src\libst\vc2008\Release\STJoystick_win32.obj
C:\UF_Teaching\CAP4730\prog\proj2_raytracer\submit\src\libst\vc2008\Release\STPoint2.obj
C:\UF_Teaching\CAP4730\prog\proj2_raytracer\submit\src\libst\vc2008\Release\STPoint3.obj
C:\UF_Teaching\CAP4730\prog\proj2_raytracer\submit\src\libst\vc2008\Release\STShaderProgram.obj
C:\UF_Teaching\CAP4730\prog\proj2_raytracer\submit\src\libst\vc2008\Release\STShape.obj
C:\UF_Teaching\CAP4730\prog\proj2_raytracer\submit\src\libst\vc2008\Release\STTexture.obj
C:\UF_Teaching\CAP4730\prog\proj2_raytracer\submit\src\libst\vc2008\Release\STTimer.obj
C:\UF_Teaching\CAP4730\prog\proj2_raytracer\submit\src\libst\vc2008\Release\STTriangleMesh.obj
C:\UF_Teaching\CAP4730\prog\proj2_raytracer\submit\src\libst\vc2008\Release\STVector2.obj
C:\UF_Teaching\CAP4730\prog\proj2_raytracer\submit\src\libst\vc2008\Release\STVector3.obj
C:\UF_Teaching\CAP4730\prog\proj2_raytracer\submit\src\libst\vc2008\Release\tiny_obj_loader.obj
C:\UF_Teaching\CAP4730\prog\proj2_raytracer\submit\src\libst\vc2008\Release\cl.command.1.tlog
C:\UF_Teaching\CAP4730\prog\proj2_raytracer\submit\src\libst\vc2008\Release\CL.read.1.tlog
C:\UF_Teaching\CAP4730\prog\proj2_raytracer\submit\src\libst\vc2008\Release\CL.write.1.tlog
C:\UF_Teaching\CAP4730\prog\proj2_raytracer\submit\src\libst\vc2008\Release\Lib-link.read.1.tlog
C:\UF_Teaching\CAP4730\prog\proj2_raytracer\submit\src\libst\vc2008\Release\Lib-link.write.1.tlog
C:\UF_Teaching\CAP4730\prog\proj2_raytracer\submit\src\libst\vc2008\Release\lib.command.1.tlog
C:\UF_Teaching\CAP4730\prog\proj2_raytracer\submit\src\libst\vc2008\Release\Lib.read.1.tlog
C:\UF_Teaching\CAP4730\prog\proj2_raytracer\submit\src\libst\vc2008\Release\vc110.pdb
