Build started 1/24/2017 2:23:47 PM.
     1>Project "C:\UF_Teaching\CAP4730\prog\proj2_raytracer\submit\src\libst\vc2008\libst.vcxproj" on node 2 (Build target(s)).
     1>InitializeBuildStatus:
         Creating "Release\libst.unsuccessfulbuild" because "AlwaysCreate" was specified.
       ClCompile:
         All outputs are up-to-date.
     1>C:\Program Files (x86)\MSBuild\Microsoft.Cpp\v4.0\V110\Microsoft.CppBuild.targets(1299,5): warning MSB8012: TargetPath(C:\UF_Teaching\CAP4730\prog\proj2_raytracer\submit\src\libst\vc2008\../lib\libst.lib) does not match the Library's OutputFile property value (C:\UF_Teaching\CAP4730\prog\proj2_raytracer\submit\src\libst\lib\Release\libst.lib). This may cause your project to build incorrectly. To correct this, please make sure that $(OutDir), $(TargetName) and $(TargetExt) property values match the value specified in %(Lib.OutputFile).
       Lib:
         C:\Program Files (x86)\Microsoft Visual Studio 11.0\VC\bin\Lib.exe /OUT:"../lib\Release/libst.lib" /NOLOGO Release\STColor3f.obj
         Release\STColor4f.obj
         Release\STColor4ub.obj
         Release\STFont.obj
         Release\STImage.obj
         Release\STImage_jpeg.obj
         Release\STImage_png.obj
         Release\STImage_ppm.obj
         Release\STJoystick.obj
         Release\STJoystick_win32.obj
         Release\STPoint2.obj
         Release\STPoint3.obj
         Release\STShaderProgram.obj
         Release\STShape.obj
         Release\STTexture.obj
         Release\STTimer.obj
         Release\STTriangleMesh.obj
         Release\STVector2.obj
         Release\STVector3.obj
         Release\tiny_obj_loader.obj
         libst.vcxproj -> C:\UF_Teaching\CAP4730\prog\proj2_raytracer\submit\src\libst\vc2008\../lib\libst.lib
       FinalizeBuildStatus:
         Deleting file "Release\libst.unsuccessfulbuild".
         Touching "Release\libst.lastbuildstate".
     1>Done Building Project "C:\UF_Teaching\CAP4730\prog\proj2_raytracer\submit\src\libst\vc2008\libst.vcxproj" (Build target(s)).

Build succeeded.

Time Elapsed 00:00:02.24
