Build started 1/24/2017 2:42:08 PM.
     1>Project "C:\UF_Teaching\CAP4730\prog\proj2_raytracer\submit\src\mainsrc\proj2_raytracer.vcxproj" on node 2 (Build target(s)).
     1>InitializeBuildStatus:
         Creating "Release\proj2_raytracer.unsuccessfulbuild" because "AlwaysCreate" was specified.
       ClCompile:
         C:\Program Files (x86)\Microsoft Visual Studio 11.0\VC\bin\CL.exe /c /IC:\UF_Teaching\CAP4730\prog\proj2_raytracer\submit\src\mainsrc\/../libst/include /IC:\UF_Teaching\CAP4730\prog\proj2_raytracer\submit\src\mainsrc\/../libst/ext/glew/include /IC:\UF_Teaching\CAP4730\prog\proj2_raytracer\submit\src\mainsrc\/../include /IC:\UF_Teaching\CAP4730\prog\proj2_raytracer\submit\src\mainsrc\/../librt/include /Zi /nologo /W3 /WX- /O2 /Oi /Oy- /GL /D WIN32 /D NDEBUG /D _CONSOLE /D _CRT_SECURE_NO_WARNINGS /D _UNICODE /D UNICODE /Gm- /EHsc /MD /GS /Gy /Zc:wchar_t /Zc:forScope /Fo"Release\\" /Fd"Release\vc110.pdb" /Gd /TP /analyze- /errorReport:prompt mainsrc_proj2.cpp
         mainsrc_proj2.cpp
     1>mainsrc_proj2.cpp(205): warning C4244: 'initializing' : conversion from 'int' to 'float', possible loss of data
     1>mainsrc_proj2.cpp(206): warning C4244: 'initializing' : conversion from 'int' to 'float', possible loss of data
       Link:
         C:\Program Files (x86)\Microsoft Visual Studio 11.0\VC\bin\link.exe /ERRORREPORT:PROMPT /OUT:"C:\UF_Teaching\CAP4730\prog\proj2_raytracer\submit\src\mainsrc\Release\proj2_raytracer.exe" /INCREMENTAL:NO /NOLOGO /LIBPATH:../libst/lib/Release/ /LIBPATH:../libst/ext/vc2008/lib/Release/ /LIBPATH:../lib/ /LIBPATH:../librt/lib/Release/ glut32.lib libpng.lib jpeg.lib zlib.lib freetype231.lib librt.lib glew.lib kernel32.lib user32.lib gdi32.lib winspool.lib comdlg32.lib advapi32.lib shell32.lib ole32.lib oleaut32.lib uuid.lib odbc32.lib odbccp32.lib /MANIFEST /MANIFESTUAC:"level='asInvoker' uiAccess='false'" /manifest:embed /DEBUG /PDB:"C:\UF_Teaching\CAP4730\prog\proj2_raytracer\submit\src\mainsrc\Release\proj2_raytracer.pdb" /SUBSYSTEM:CONSOLE /OPT:REF /OPT:ICF /LTCG /TLBID:1 /DYNAMICBASE /NXCOMPAT /IMPLIB:"C:\UF_Teaching\CAP4730\prog\proj2_raytracer\submit\src\mainsrc\Release\proj2_raytracer.lib" /MACHINE:X86 /SAFESEH Release\mainsrc_proj2.obj
         C:\UF_Teaching\CAP4730\prog\proj2_raytracer\submit\src\libst\lib\Release\libst.lib
     1>freeglut_static.lib(freeglut_display.obj) : warning LNK4075: ignoring '/EDITANDCONTINUE' due to '/OPT:ICF' specification
     1>LINK : warning LNK4098: defaultlib 'LIBCMTD' conflicts with use of other libs; use /NODEFAULTLIB:library
         Generating code
         Finished generating code
     1>librt.lib(Scene.obj) : warning LNK4204: 'C:\UF_Teaching\CAP4730\prog\proj2_raytracer\submit\src\mainsrc\Release\vc110.pdb' is missing debugging information for referencing module; linking object as if no debug info
     1>librt.lib(Camera.obj) : warning LNK4204: 'C:\UF_Teaching\CAP4730\prog\proj2_raytracer\submit\src\mainsrc\Release\vc110.pdb' is missing debugging information for referencing module; linking object as if no debug info
     1>librt.lib(RayTracer.obj) : warning LNK4204: 'C:\UF_Teaching\CAP4730\prog\proj2_raytracer\submit\src\mainsrc\Release\vc110.pdb' is missing debugging information for referencing module; linking object as if no debug info
     1>librt.lib(Surface.obj) : warning LNK4204: 'C:\UF_Teaching\CAP4730\prog\proj2_raytracer\submit\src\mainsrc\Release\vc110.pdb' is missing debugging information for referencing module; linking object as if no debug info
     1>librt.lib(Light.obj) : warning LNK4204: 'C:\UF_Teaching\CAP4730\prog\proj2_raytracer\submit\src\mainsrc\Release\vc110.pdb' is missing debugging information for referencing module; linking object as if no debug info
     1>librt.lib(RGBR_f.obj) : warning LNK4204: 'C:\UF_Teaching\CAP4730\prog\proj2_raytracer\submit\src\mainsrc\Release\vc110.pdb' is missing debugging information for referencing module; linking object as if no debug info
     1>librt.lib(Intersection.obj) : warning LNK4204: 'C:\UF_Teaching\CAP4730\prog\proj2_raytracer\submit\src\mainsrc\Release\vc110.pdb' is missing debugging information for referencing module; linking object as if no debug info
     1>librt.lib(Ray.obj) : warning LNK4204: 'C:\UF_Teaching\CAP4730\prog\proj2_raytracer\submit\src\mainsrc\Release\vc110.pdb' is missing debugging information for referencing module; linking object as if no debug info
     1>librt.lib(Shader.obj) : warning LNK4204: 'C:\UF_Teaching\CAP4730\prog\proj2_raytracer\submit\src\mainsrc\Release\vc110.pdb' is missing debugging information for referencing module; linking object as if no debug info
         proj2_raytracer.vcxproj -> C:\UF_Teaching\CAP4730\prog\proj2_raytracer\submit\src\mainsrc\Release\proj2_raytracer.exe
       FinalizeBuildStatus:
         Deleting file "Release\proj2_raytracer.unsuccessfulbuild".
         Touching "Release\proj2_raytracer.lastbuildstate".
     1>Done Building Project "C:\UF_Teaching\CAP4730\prog\proj2_raytracer\submit\src\mainsrc\proj2_raytracer.vcxproj" (Build target(s)).

Build succeeded.

Time Elapsed 00:00:01.43
